2025-04-16 11:05:16,491 [ERROR] [BACKEND] Erreur dans /calendar
Traceback (most recent call last):
  File "c:\Users\mtx_2\Documents\Code\Medic\Medic\backend\app.py", line 20, in get_calendar
    with open("pils.json", encoding="utf-8") as f:
         ~~~~^^^^^^^^^^^^^^^^^^^^^^^^^^^^^^^
FileNotFoundError: [Errno 2] No such file or directory: 'pils.json'
2025-04-16 11:05:16,492 [ERROR] [BACKEND] Erreur dans /get_pils
Traceback (most recent call last):
  File "c:\Users\mtx_2\Documents\Code\Medic\Medic\backend\app.py", line 38, in get_pils
    with open("pils.json", encoding="utf-8") as f:
         ~~~~^^^^^^^^^^^^^^^^^^^^^^^^^^^^^^^
FileNotFoundError: [Errno 2] No such file or directory: 'pils.json'
2025-04-16 11:05:16,752 [ERROR] [BACKEND] Erreur dans /calendar
Traceback (most recent call last):
  File "c:\Users\mtx_2\Documents\Code\Medic\Medic\backend\app.py", line 20, in get_calendar
    with open("pils.json", encoding="utf-8") as f:
         ~~~~^^^^^^^^^^^^^^^^^^^^^^^^^^^^^^^
FileNotFoundError: [Errno 2] No such file or directory: 'pils.json'
2025-04-16 11:05:16,818 [ERROR] [BACKEND] Erreur dans /get_pils
Traceback (most recent call last):
  File "c:\Users\mtx_2\Documents\Code\Medic\Medic\backend\app.py", line 38, in get_pils
    with open("pils.json", encoding="utf-8") as f:
         ~~~~^^^^^^^^^^^^^^^^^^^^^^^^^^^^^^^
FileNotFoundError: [Errno 2] No such file or directory: 'pils.json'
2025-04-16 11:05:17,125 [ERROR] [FRONTEND] Erreur de récupération du calendrier : - {}
2025-04-16 11:05:17,160 [INFO] [FRONTEND] Médicaments récupérés avec succès - None
2025-04-16 11:05:17,165 [INFO] [FRONTEND] Médicaments récupérés avec succès - None
2025-04-16 11:05:17,182 [ERROR] [FRONTEND] Erreur de récupération du calendrier : - {}
2025-04-16 11:06:25,924 [INFO] [BACKEND] Médicaments rechargés pour génération du calendrier.
2025-04-16 11:06:25,926 [INFO] [BACKEND] Médicaments rechargés pour l'obtention des médicaments.
2025-04-16 11:06:25,932 [DEBUG] [BACKEND] Date de départ du calendrier reçue : 2025-04-16
2025-04-16 11:06:25,932 [DEBUG] [BACKEND] Nombre de jours à traiter : 14
2025-04-16 11:06:25,932 [DEBUG] [BACKEND] Date de début : 2025-04-16
2025-04-16 11:06:25,932 [DEBUG] [BACKEND] Date de fin : 2025-04-30
2025-04-16 11:06:25,933 [DEBUG] [BACKEND] Lundi de début : 2025-04-14
2025-04-16 11:06:26,024 [INFO] [BACKEND] Calendrier généré avec succès.
2025-04-16 11:06:26,186 [INFO] [BACKEND] Médicaments rechargés pour l'obtention des médicaments.
2025-04-16 11:06:26,277 [INFO] [BACKEND] Médicaments rechargés pour génération du calendrier.
2025-04-16 11:06:26,278 [DEBUG] [BACKEND] Date de départ du calendrier reçue : 2025-04-16
2025-04-16 11:06:26,278 [DEBUG] [BACKEND] Nombre de jours à traiter : 14
2025-04-16 11:06:26,278 [DEBUG] [BACKEND] Date de début : 2025-04-16
2025-04-16 11:06:26,278 [DEBUG] [BACKEND] Date de fin : 2025-04-30
2025-04-16 11:06:26,278 [DEBUG] [BACKEND] Lundi de début : 2025-04-14
2025-04-16 11:06:26,376 [INFO] [BACKEND] Calendrier généré avec succès.
2025-04-16 11:06:26,377 [INFO] [FRONTEND] Médicaments récupérés avec succès - None
2025-04-16 11:06:26,579 [INFO] [FRONTEND] Médicaments récupérés avec succès - None
2025-04-16 11:07:59,219 [INFO] [BACKEND] Médicaments rechargés pour génération du calendrier.
2025-04-16 11:07:59,219 [DEBUG] [BACKEND] Date de départ du calendrier reçue : 2025-04-16
2025-04-16 11:07:59,219 [DEBUG] [BACKEND] Nombre de jours à traiter : 14
2025-04-16 11:07:59,220 [DEBUG] [BACKEND] Date de début : 2025-04-16
2025-04-16 11:07:59,220 [DEBUG] [BACKEND] Date de fin : 2025-04-30
2025-04-16 11:07:59,220 [INFO] [BACKEND] Médicaments rechargés pour l'obtention des médicaments.
2025-04-16 11:07:59,220 [DEBUG] [BACKEND] Lundi de début : 2025-04-14
2025-04-16 11:07:59,332 [INFO] [BACKEND] Calendrier généré avec succès.
2025-04-16 11:08:01,637 [INFO] [BACKEND] Médicaments rechargés pour génération du calendrier.
2025-04-16 11:08:01,638 [DEBUG] [BACKEND] Date de départ du calendrier reçue : 2025-04-16
2025-04-16 11:08:01,638 [DEBUG] [BACKEND] Nombre de jours à traiter : 14
2025-04-16 11:08:01,639 [DEBUG] [BACKEND] Date de début : 2025-04-16
2025-04-16 11:08:01,640 [DEBUG] [BACKEND] Date de fin : 2025-04-30
2025-04-16 11:08:01,640 [DEBUG] [BACKEND] Lundi de début : 2025-04-14
2025-04-16 11:08:01,725 [INFO] [BACKEND] Calendrier généré avec succès.
2025-04-16 11:08:01,906 [ERROR] [FRONTEND] Erreur de récupération des médicaments : - {}
2025-04-16 11:08:01,981 [INFO] [FRONTEND] Calendrier récupéré avec succès - None
2025-04-16 11:08:01,982 [INFO] [FRONTEND] Calendrier récupéré avec succès - None
2025-04-16 11:08:27,035 [INFO] [BACKEND] Médicaments rechargés pour génération du calendrier.
2025-04-16 11:08:27,035 [DEBUG] [BACKEND] Date de départ du calendrier reçue : 2025-04-16
2025-04-16 11:08:27,035 [DEBUG] [BACKEND] Nombre de jours à traiter : 14
2025-04-16 11:08:27,035 [DEBUG] [BACKEND] Date de début : 2025-04-16
2025-04-16 11:08:27,035 [DEBUG] [BACKEND] Date de fin : 2025-04-30
2025-04-16 11:08:27,035 [DEBUG] [BACKEND] Lundi de début : 2025-04-14
2025-04-16 11:08:27,117 [INFO] [BACKEND] Calendrier généré avec succès.
2025-04-16 11:08:27,342 [INFO] [BACKEND] Médicaments rechargés pour l'obtention des médicaments.
2025-04-16 11:08:27,432 [INFO] [BACKEND] Médicaments rechargés pour génération du calendrier.
2025-04-16 11:08:27,432 [DEBUG] [BACKEND] Date de départ du calendrier reçue : 2025-04-16
2025-04-16 11:08:27,432 [DEBUG] [BACKEND] Nombre de jours à traiter : 14
2025-04-16 11:08:27,432 [DEBUG] [BACKEND] Date de début : 2025-04-16
2025-04-16 11:08:27,433 [DEBUG] [BACKEND] Date de fin : 2025-04-30
2025-04-16 11:08:27,433 [DEBUG] [BACKEND] Lundi de début : 2025-04-14
2025-04-16 11:08:27,513 [INFO] [BACKEND] Calendrier généré avec succès.
2025-04-16 11:08:27,655 [INFO] [BACKEND] Médicaments rechargés pour l'obtention des médicaments.
2025-04-16 11:08:27,858 [INFO] [FRONTEND] Calendrier récupéré avec succès - None
2025-04-16 11:08:27,858 [INFO] [FRONTEND] Calendrier récupéré avec succès - None
2025-04-16 11:08:28,075 [INFO] [FRONTEND] Médicaments récupérés avec succès - None
2025-04-16 11:08:28,195 [INFO] [FRONTEND] Médicaments récupérés avec succès - None
2025-04-16 11:08:41,596 [INFO] [BACKEND] Médicaments mis à jour avec succès.
2025-04-16 11:08:41,668 [INFO] [BACKEND] Médicaments rechargés pour l'obtention des médicaments.
2025-04-16 11:08:41,970 [INFO] [BACKEND] Médicaments rechargés pour génération du calendrier.
2025-04-16 11:08:41,971 [DEBUG] [BACKEND] Date de départ du calendrier reçue : 2025-04-16
2025-04-16 11:08:41,971 [DEBUG] [BACKEND] Nombre de jours à traiter : 14
2025-04-16 11:08:41,971 [DEBUG] [BACKEND] Date de début : 2025-04-16
2025-04-16 11:08:41,971 [DEBUG] [BACKEND] Date de fin : 2025-04-30
2025-04-16 11:08:41,971 [DEBUG] [BACKEND] Lundi de début : 2025-04-14
2025-04-16 11:08:42,050 [INFO] [FRONTEND] Médicaments récupérés avec succès - None
2025-04-16 11:08:42,128 [INFO] [BACKEND] Calendrier généré avec succès.
2025-04-16 11:08:42,314 [INFO] [FRONTEND] Calendrier récupéré avec succès - None
2025-04-16 11:08:42,315 [INFO] [FRONTEND] Médicaments mis à jour avec succès - None
2025-04-16 11:09:29,123 [INFO] [BACKEND] Médicaments rechargés pour génération du calendrier.
2025-04-16 11:09:29,123 [DEBUG] [BACKEND] Date de départ du calendrier reçue : 2025-04-16
2025-04-16 11:09:29,123 [DEBUG] [BACKEND] Nombre de jours à traiter : 14
2025-04-16 11:09:29,123 [DEBUG] [BACKEND] Date de début : 2025-04-16
2025-04-16 11:09:29,123 [DEBUG] [BACKEND] Date de fin : 2025-04-30
2025-04-16 11:09:29,124 [DEBUG] [BACKEND] Lundi de début : 2025-04-14
2025-04-16 11:09:29,259 [INFO] [BACKEND] Calendrier généré avec succès.
2025-04-16 11:09:29,586 [INFO] [BACKEND] Médicaments rechargés pour génération du calendrier.
2025-04-16 11:09:29,587 [DEBUG] [BACKEND] Date de départ du calendrier reçue : 2025-04-16
2025-04-16 11:09:29,587 [DEBUG] [BACKEND] Nombre de jours à traiter : 14
2025-04-16 11:09:29,587 [DEBUG] [BACKEND] Date de début : 2025-04-16
2025-04-16 11:09:29,587 [DEBUG] [BACKEND] Date de fin : 2025-04-30
2025-04-16 11:09:29,587 [DEBUG] [BACKEND] Lundi de début : 2025-04-14
2025-04-16 11:09:29,715 [INFO] [BACKEND] Calendrier généré avec succès.
2025-04-16 11:09:30,041 [INFO] [FRONTEND] Calendrier récupéré avec succès - None
2025-04-16 11:09:30,063 [INFO] [FRONTEND] Calendrier récupéré avec succès - None
2025-04-16 15:11:05,514 [INFO] [BACKEND] pils.json chargé.
2025-04-16 15:11:05,777 [INFO] [BACKEND] pils.json chargé.
2025-04-16 15:11:06,105 [INFO] [FRONTEND] Médicaments récupérés avec succès - None
2025-04-16 15:11:06,166 [INFO] [FRONTEND] Médicaments récupérés avec succès - None
2025-04-16 15:13:49,694 [INFO] [BACKEND] pils.json chargé.
2025-04-16 15:13:49,956 [INFO] [BACKEND] pils.json chargé.
2025-04-16 15:13:50,286 [INFO] [FRONTEND] Médicaments récupérés avec succès - None
2025-04-16 15:13:50,316 [INFO] [FRONTEND] Médicaments récupérés avec succès - None
2025-04-16 15:14:01,376 [INFO] [BACKEND] pils.json chargé.
2025-04-16 15:14:01,380 [DEBUG] [BACKEND] Nombre de jours à traiter : 14
2025-04-16 15:14:01,380 [DEBUG] [BACKEND] Date de début : 2025-04-16
2025-04-16 15:14:01,380 [DEBUG] [BACKEND] Date de fin : 2025-04-30
2025-04-16 15:14:01,380 [DEBUG] [BACKEND] Lundi de début : 2025-04-14
2025-04-16 15:14:01,429 [INFO] [BACKEND] Calendrier généré avec succès.
2025-04-16 15:14:01,683 [INFO] [BACKEND] pils.json chargé.
2025-04-16 15:14:01,760 [INFO] [BACKEND] pils.json chargé.
2025-04-16 15:14:01,760 [DEBUG] [BACKEND] Nombre de jours à traiter : 14
2025-04-16 15:14:01,760 [DEBUG] [BACKEND] Date de début : 2025-04-16
2025-04-16 15:14:01,760 [DEBUG] [BACKEND] Date de fin : 2025-04-30
2025-04-16 15:14:01,760 [DEBUG] [BACKEND] Lundi de début : 2025-04-14
2025-04-16 15:14:01,802 [INFO] [BACKEND] Calendrier généré avec succès.
2025-04-16 15:14:02,006 [INFO] [BACKEND] pils.json chargé.
2025-04-16 15:14:02,119 [INFO] [FRONTEND] Calendrier récupéré avec succès - None
2025-04-16 15:14:02,136 [INFO] [FRONTEND] Calendrier récupéré avec succès - None
2025-04-16 15:14:02,337 [INFO] [FRONTEND] Médicaments récupérés avec succès - None
2025-04-16 15:14:02,337 [INFO] [FRONTEND] Médicaments récupérés avec succès - None
2025-04-16 15:15:35,374 [INFO] [BACKEND] pils.json chargé.
2025-04-16 15:15:35,374 [INFO] [BACKEND] pils.json chargé.
2025-04-16 15:15:35,375 [DEBUG] [BACKEND] Nombre de jours à traiter : 14
2025-04-16 15:15:35,375 [DEBUG] [BACKEND] Date de début : 2025-04-16
2025-04-16 15:15:35,375 [DEBUG] [BACKEND] Date de fin : 2025-04-30
2025-04-16 15:15:35,375 [DEBUG] [BACKEND] Lundi de début : 2025-04-14
2025-04-16 15:15:35,417 [INFO] [BACKEND] Calendrier généré avec succès.
2025-04-16 15:15:35,620 [INFO] [BACKEND] pils.json chargé.
2025-04-16 15:15:35,693 [INFO] [BACKEND] pils.json chargé.
2025-04-16 15:15:35,693 [DEBUG] [BACKEND] Nombre de jours à traiter : 14
2025-04-16 15:15:35,693 [DEBUG] [BACKEND] Date de début : 2025-04-16
2025-04-16 15:15:35,693 [DEBUG] [BACKEND] Date de fin : 2025-04-30
2025-04-16 15:15:35,693 [DEBUG] [BACKEND] Lundi de début : 2025-04-14
2025-04-16 15:15:35,732 [INFO] [BACKEND] Calendrier généré avec succès.
2025-04-16 15:15:35,951 [INFO] [FRONTEND] Médicaments récupérés avec succès - None
2025-04-16 15:15:36,010 [INFO] [FRONTEND] Calendrier récupéré avec succès - None
2025-04-16 15:15:36,058 [INFO] [FRONTEND] Calendrier récupéré avec succès - None
2025-04-16 15:15:36,059 [INFO] [FRONTEND] Médicaments récupérés avec succès - None
2025-04-16 15:15:53,493 [INFO] [BACKEND] pils.json chargé.
2025-04-16 15:15:53,493 [DEBUG] [BACKEND] Nombre de jours à traiter : 14
2025-04-16 15:15:53,493 [DEBUG] [BACKEND] Date de début : 2025-04-16
2025-04-16 15:15:53,493 [DEBUG] [BACKEND] Date de fin : 2025-04-30
2025-04-16 15:15:53,493 [DEBUG] [BACKEND] Lundi de début : 2025-04-14
2025-04-16 15:15:53,538 [INFO] [BACKEND] Calendrier généré avec succès.
2025-04-16 15:15:53,861 [INFO] [BACKEND] pils.json chargé.
2025-04-16 15:15:53,861 [DEBUG] [BACKEND] Nombre de jours à traiter : 14
2025-04-16 15:15:53,861 [DEBUG] [BACKEND] Date de début : 2025-04-16
2025-04-16 15:15:53,861 [DEBUG] [BACKEND] Date de fin : 2025-04-30
2025-04-16 15:15:53,862 [DEBUG] [BACKEND] Lundi de début : 2025-04-14
2025-04-16 15:15:53,904 [INFO] [BACKEND] Calendrier généré avec succès.
2025-04-16 15:15:54,128 [INFO] [FRONTEND] Calendrier récupéré avec succès - None
2025-04-16 15:15:54,222 [INFO] [FRONTEND] Calendrier récupéré avec succès - None
2025-04-16 15:16:58,714 [INFO] [BACKEND] pils.json chargé.
2025-04-16 15:16:58,714 [DEBUG] [BACKEND] Nombre de jours à traiter : 14
2025-04-16 15:16:58,714 [DEBUG] [BACKEND] Date de début : 2025-04-16
2025-04-16 15:16:58,714 [DEBUG] [BACKEND] Date de fin : 2025-04-30
2025-04-16 15:16:58,714 [DEBUG] [BACKEND] Lundi de début : 2025-04-14
2025-04-16 15:16:58,756 [INFO] [BACKEND] Calendrier généré avec succès.
2025-04-16 15:16:58,974 [INFO] [BACKEND] pils.json chargé.
2025-04-16 15:16:58,975 [DEBUG] [BACKEND] Nombre de jours à traiter : 14
2025-04-16 15:16:58,975 [DEBUG] [BACKEND] Date de début : 2025-04-16
2025-04-16 15:16:58,975 [DEBUG] [BACKEND] Date de fin : 2025-04-30
2025-04-16 15:16:58,975 [DEBUG] [BACKEND] Lundi de début : 2025-04-14
2025-04-16 15:16:59,015 [INFO] [BACKEND] Calendrier généré avec succès.
2025-04-16 15:16:59,352 [INFO] [FRONTEND] Calendrier récupéré avec succès - None
2025-04-16 15:16:59,399 [INFO] [FRONTEND] Calendrier récupéré avec succès - None
2025-04-16 15:17:17,684 [INFO] [BACKEND] pils.json chargé.
2025-04-16 15:17:17,684 [DEBUG] [BACKEND] Nombre de jours à traiter : 14
2025-04-16 15:17:17,684 [DEBUG] [BACKEND] Date de début : 2025-04-16
2025-04-16 15:17:17,684 [DEBUG] [BACKEND] Date de fin : 2025-04-30
2025-04-16 15:17:17,684 [DEBUG] [BACKEND] Lundi de début : 2025-04-14
2025-04-16 15:17:17,732 [INFO] [BACKEND] Calendrier généré avec succès.
2025-04-16 15:17:18,042 [INFO] [BACKEND] pils.json chargé.
2025-04-16 15:17:18,042 [DEBUG] [BACKEND] Nombre de jours à traiter : 14
2025-04-16 15:17:18,042 [DEBUG] [BACKEND] Date de début : 2025-04-16
2025-04-16 15:17:18,042 [DEBUG] [BACKEND] Date de fin : 2025-04-30
2025-04-16 15:17:18,042 [DEBUG] [BACKEND] Lundi de début : 2025-04-14
2025-04-16 15:17:18,081 [INFO] [BACKEND] Calendrier généré avec succès.
2025-04-16 15:17:18,412 [INFO] [FRONTEND] Calendrier récupéré avec succès - None
2025-04-16 15:17:18,413 [INFO] [FRONTEND] Calendrier récupéré avec succès - None
2025-04-16 15:17:20,595 [INFO] [BACKEND] pils.json chargé.
2025-04-16 15:17:20,595 [DEBUG] [BACKEND] Nombre de jours à traiter : 14
2025-04-16 15:17:20,595 [DEBUG] [BACKEND] Date de début : 2025-04-16
2025-04-16 15:17:20,595 [DEBUG] [BACKEND] Date de fin : 2025-04-30
2025-04-16 15:17:20,595 [DEBUG] [BACKEND] Lundi de début : 2025-04-14
2025-04-16 15:17:20,635 [INFO] [BACKEND] Calendrier généré avec succès.
2025-04-16 15:17:21,021 [INFO] [BACKEND] pils.json chargé.
2025-04-16 15:17:21,021 [DEBUG] [BACKEND] Nombre de jours à traiter : 14
2025-04-16 15:17:21,021 [DEBUG] [BACKEND] Date de début : 2025-04-16
2025-04-16 15:17:21,021 [DEBUG] [BACKEND] Date de fin : 2025-04-30
2025-04-16 15:17:21,021 [DEBUG] [BACKEND] Lundi de début : 2025-04-14
2025-04-16 15:17:21,032 [INFO] [FRONTEND] Calendrier récupéré avec succès - None
2025-04-16 15:17:21,065 [INFO] [BACKEND] Calendrier généré avec succès.
2025-04-16 15:17:21,290 [INFO] [FRONTEND] Calendrier récupéré avec succès - None
2025-04-16 15:20:14,651 [INFO] [BACKEND] pils.json chargé.
2025-04-16 15:20:14,651 [INFO] [BACKEND] pils.json chargé.
2025-04-16 15:20:14,651 [DEBUG] [BACKEND] Nombre de jours à traiter : 14
2025-04-16 15:20:14,652 [DEBUG] [BACKEND] Date de début : 2025-04-16
2025-04-16 15:20:14,652 [DEBUG] [BACKEND] Date de fin : 2025-04-30
2025-04-16 15:20:14,652 [DEBUG] [BACKEND] Lundi de début : 2025-04-14
2025-04-16 15:20:14,697 [INFO] [BACKEND] Calendrier généré avec succès.
2025-04-16 15:20:14,900 [INFO] [BACKEND] pils.json chargé.
2025-04-16 15:20:15,000 [INFO] [BACKEND] pils.json chargé.
2025-04-16 15:20:15,001 [DEBUG] [BACKEND] Nombre de jours à traiter : 14
2025-04-16 15:20:15,001 [DEBUG] [BACKEND] Date de début : 2025-04-16
2025-04-16 15:20:15,001 [DEBUG] [BACKEND] Date de fin : 2025-04-30
2025-04-16 15:20:15,001 [DEBUG] [BACKEND] Lundi de début : 2025-04-14
2025-04-16 15:20:15,042 [INFO] [BACKEND] Calendrier généré avec succès.
2025-04-16 15:20:15,232 [INFO] [FRONTEND] Médicaments récupérés avec succès - None
2025-04-16 15:20:15,309 [INFO] [FRONTEND] Calendrier récupéré avec succès - None
2025-04-16 15:20:15,374 [INFO] [FRONTEND] Médicaments récupérés avec succès - None
2025-04-16 15:20:15,374 [INFO] [FRONTEND] Calendrier récupéré avec succès - None
2025-04-16 15:20:16,125 [INFO] [FRONTEND] Utilisateur déconnecté - None
2025-04-16 15:22:23,336 [INFO] [BACKEND] pils.json chargé.
2025-04-16 15:22:23,337 [INFO] [BACKEND] pils.json chargé.
2025-04-16 15:22:23,337 [DEBUG] [BACKEND] Nombre de jours à traiter : 14
2025-04-16 15:22:23,337 [DEBUG] [BACKEND] Date de début : 2025-04-16
2025-04-16 15:22:23,337 [DEBUG] [BACKEND] Date de fin : 2025-04-30
2025-04-16 15:22:23,337 [DEBUG] [BACKEND] Lundi de début : 2025-04-14
2025-04-16 15:22:23,378 [INFO] [BACKEND] Calendrier généré avec succès.
2025-04-16 15:22:23,599 [INFO] [BACKEND] pils.json chargé.
2025-04-16 15:22:23,666 [INFO] [BACKEND] pils.json chargé.
2025-04-16 15:22:23,666 [DEBUG] [BACKEND] Nombre de jours à traiter : 14
2025-04-16 15:22:23,667 [DEBUG] [BACKEND] Date de début : 2025-04-16
2025-04-16 15:22:23,667 [DEBUG] [BACKEND] Date de fin : 2025-04-30
2025-04-16 15:22:23,667 [DEBUG] [BACKEND] Lundi de début : 2025-04-14
2025-04-16 15:22:23,706 [INFO] [BACKEND] Calendrier généré avec succès.
2025-04-16 15:22:23,933 [INFO] [FRONTEND] Médicaments récupérés avec succès - None
2025-04-16 15:22:23,976 [INFO] [FRONTEND] Calendrier récupéré avec succès - None
2025-04-16 15:22:24,038 [INFO] [FRONTEND] Médicaments récupérés avec succès - None
2025-04-16 15:22:24,039 [INFO] [FRONTEND] Calendrier récupéré avec succès - None
2025-04-16 15:26:12,494 [INFO] [BACKEND] pils.json chargé.
2025-04-16 15:26:12,494 [INFO] [BACKEND] pils.json chargé.
2025-04-16 15:26:12,496 [DEBUG] [BACKEND] Nombre de jours à traiter : 14
2025-04-16 15:26:12,496 [DEBUG] [BACKEND] Date de début : 2025-04-16
2025-04-16 15:26:12,496 [DEBUG] [BACKEND] Date de fin : 2025-04-30
2025-04-16 15:26:12,496 [DEBUG] [BACKEND] Lundi de début : 2025-04-14
2025-04-16 15:26:12,538 [INFO] [BACKEND] Calendrier généré avec succès.
2025-04-16 15:26:12,757 [INFO] [BACKEND] pils.json chargé.
2025-04-16 15:26:12,818 [INFO] [BACKEND] pils.json chargé.
2025-04-16 15:26:12,818 [DEBUG] [BACKEND] Nombre de jours à traiter : 14
2025-04-16 15:26:12,819 [DEBUG] [BACKEND] Date de début : 2025-04-16
2025-04-16 15:26:12,819 [DEBUG] [BACKEND] Date de fin : 2025-04-30
2025-04-16 15:26:12,819 [DEBUG] [BACKEND] Lundi de début : 2025-04-14
2025-04-16 15:26:12,858 [INFO] [BACKEND] Calendrier généré avec succès.
2025-04-16 15:26:13,091 [INFO] [FRONTEND] Médicaments récupérés avec succès
2025-04-16 15:26:13,135 [INFO] [FRONTEND] Calendrier récupéré avec succès
2025-04-16 15:26:13,181 [INFO] [FRONTEND] Médicaments récupérés avec succès
2025-04-16 15:26:13,182 [INFO] [FRONTEND] Calendrier récupéré avec succès
2025-04-16 15:32:28 [INFO] [BACKEND] pils.json chargé.
2025-04-16 15:32:28 [INFO] [BACKEND] pils.json chargé.
2025-04-16 15:32:28 [DEBUG] [BACKEND] Nombre de jours à traiter : 14
2025-04-16 15:32:28 [DEBUG] [BACKEND] Date de début : 2025-04-16
2025-04-16 15:32:28 [DEBUG] [BACKEND] Date de fin : 2025-04-30
2025-04-16 15:32:28 [DEBUG] [BACKEND] Lundi de début : 2025-04-14
2025-04-16 15:32:28 [INFO] [BACKEND] Calendrier généré avec succès.
2025-04-16 15:32:28 [INFO] [BACKEND] pils.json chargé.
2025-04-16 15:32:28 [INFO] [BACKEND] pils.json chargé.
2025-04-16 15:32:28 [DEBUG] [BACKEND] Nombre de jours à traiter : 14
2025-04-16 15:32:28 [DEBUG] [BACKEND] Date de début : 2025-04-16
2025-04-16 15:32:28 [DEBUG] [BACKEND] Date de fin : 2025-04-30
2025-04-16 15:32:28 [DEBUG] [BACKEND] Lundi de début : 2025-04-14
2025-04-16 15:32:28 [INFO] [BACKEND] Calendrier généré avec succès.
2025-04-16 15:32:28 [INFO] [FRONTEND] Médicaments récupérés avec succès
2025-04-16 15:32:28 [INFO] [FRONTEND] Médicaments récupérés avec succès
2025-04-16 15:32:29 [INFO] [FRONTEND] Calendrier récupéré avec succès
2025-04-16 15:32:29 [INFO] [FRONTEND] Calendrier récupéré avec succès
2025-04-16 15:32:46 [INFO] [BACKEND] pils.json chargé.
2025-04-16 15:32:46 [DEBUG] [BACKEND] Nombre de jours à traiter : 14
2025-04-16 15:32:46 [DEBUG] [BACKEND] Date de début : 2025-04-16
2025-04-16 15:32:46 [DEBUG] [BACKEND] Date de fin : 2025-04-30
2025-04-16 15:32:46 [DEBUG] [BACKEND] Lundi de début : 2025-04-14
2025-04-16 15:32:46 [INFO] [BACKEND] Calendrier généré avec succès.
2025-04-16 15:32:47 [INFO] [BACKEND] pils.json chargé.
2025-04-16 15:32:47 [DEBUG] [BACKEND] Nombre de jours à traiter : 14
2025-04-16 15:32:47 [DEBUG] [BACKEND] Date de début : 2025-04-16
2025-04-16 15:32:47 [DEBUG] [BACKEND] Date de fin : 2025-04-30
2025-04-16 15:32:47 [DEBUG] [BACKEND] Lundi de début : 2025-04-14
2025-04-16 15:32:47 [INFO] [BACKEND] Calendrier généré avec succès.
2025-04-16 15:32:47 [INFO] [FRONTEND] Calendrier récupéré avec succès
2025-04-16 15:32:47 [INFO] [FRONTEND] Calendrier récupéré avec succès
2025-04-16 15:33:23 [INFO] [FRONTEND] Utilisateur déconnecté
2025-04-16 15:34:02 [INFO] [FRONTEND] Utilisateur connecté avec Google :
2025-04-16 15:34:03 [INFO] [BACKEND] pils.json chargé.
2025-04-16 15:34:03 [DEBUG] [BACKEND] Nombre de jours à traiter : 14
2025-04-16 15:34:03 [DEBUG] [BACKEND] Date de début : 2025-04-16
2025-04-16 15:34:03 [DEBUG] [BACKEND] Date de fin : 2025-04-30
2025-04-16 15:34:03 [DEBUG] [BACKEND] Lundi de début : 2025-04-14
2025-04-16 15:34:03 [INFO] [BACKEND] Calendrier généré avec succès.
2025-04-16 15:34:03 [INFO] [BACKEND] pils.json chargé.
2025-04-16 15:34:03 [DEBUG] [BACKEND] Nombre de jours à traiter : 14
2025-04-16 15:34:03 [DEBUG] [BACKEND] Date de début : 2025-04-16
2025-04-16 15:34:03 [DEBUG] [BACKEND] Date de fin : 2025-04-30
2025-04-16 15:34:03 [DEBUG] [BACKEND] Lundi de début : 2025-04-14
2025-04-16 15:34:03 [INFO] [BACKEND] Calendrier généré avec succès.
2025-04-16 15:34:03 [INFO] [FRONTEND] Calendrier récupéré avec succès
2025-04-16 15:34:03 [INFO] [FRONTEND] Calendrier récupéré avec succès
2025-04-16 15:38:01 [INFO] [FRONTEND] Utilisateur déconnecté
2025-04-16 15:38:09 [INFO] [FRONTEND] Utilisateur connecté avec Google : "oR75yI71MoUmYzwgwJ4WX1Birtm1"
2025-04-16 15:38:09 [INFO] [BACKEND] pils.json chargé.
2025-04-16 15:38:09 [DEBUG] [BACKEND] Nombre de jours à traiter : 14
2025-04-16 15:38:09 [DEBUG] [BACKEND] Date de début : 2025-04-16
2025-04-16 15:38:09 [DEBUG] [BACKEND] Date de fin : 2025-04-30
2025-04-16 15:38:09 [DEBUG] [BACKEND] Lundi de début : 2025-04-14
2025-04-16 15:38:09 [INFO] [BACKEND] Calendrier généré avec succès.
2025-04-16 15:38:10 [INFO] [BACKEND] pils.json chargé.
2025-04-16 15:38:10 [DEBUG] [BACKEND] Nombre de jours à traiter : 14
2025-04-16 15:38:10 [DEBUG] [BACKEND] Date de début : 2025-04-16
2025-04-16 15:38:10 [DEBUG] [BACKEND] Date de fin : 2025-04-30
2025-04-16 15:38:10 [DEBUG] [BACKEND] Lundi de début : 2025-04-14
2025-04-16 15:38:10 [INFO] [BACKEND] Calendrier généré avec succès.
2025-04-16 15:38:10 [INFO] [FRONTEND] Calendrier récupéré avec succès
2025-04-16 15:38:10 [INFO] [FRONTEND] Calendrier récupéré avec succès
2025-04-16 15:59:01 [INFO] [BACKEND] pils.json chargé.
2025-04-16 15:59:01 [INFO] [BACKEND] pils.json chargé.
2025-04-16 15:59:01 [DEBUG] [BACKEND] Nombre de jours à traiter : 14
2025-04-16 15:59:01 [DEBUG] [BACKEND] Date de début : 2025-04-16
2025-04-16 15:59:01 [DEBUG] [BACKEND] Date de fin : 2025-04-30
2025-04-16 15:59:01 [DEBUG] [BACKEND] Lundi de début : 2025-04-14
2025-04-16 15:59:01 [INFO] [BACKEND] Calendrier généré avec succès.
2025-04-16 15:59:01 [INFO] [BACKEND] pils.json chargé.
2025-04-16 15:59:01 [INFO] [BACKEND] pils.json chargé.
2025-04-16 15:59:01 [DEBUG] [BACKEND] Nombre de jours à traiter : 14
2025-04-16 15:59:01 [DEBUG] [BACKEND] Date de début : 2025-04-16
2025-04-16 15:59:01 [DEBUG] [BACKEND] Date de fin : 2025-04-30
2025-04-16 15:59:01 [DEBUG] [BACKEND] Lundi de début : 2025-04-14
2025-04-16 15:59:01 [INFO] [BACKEND] Calendrier généré avec succès.
2025-04-16 15:59:01 [INFO] [FRONTEND] Médicaments récupérés avec succès
2025-04-16 15:59:02 [INFO] [FRONTEND] Calendrier récupéré avec succès
2025-04-16 15:59:02 [INFO] [FRONTEND] Calendrier récupéré avec succès
2025-04-16 15:59:02 [INFO] [FRONTEND] Médicaments récupérés avec succès
2025-04-16 15:59:06 [INFO] [BACKEND] Médicaments mis à jour pour oR75yI71MoUmYzwgwJ4WX1Birtm1.
2025-04-16 15:59:06 [INFO] [BACKEND] pils.json chargé.
2025-04-16 15:59:06 [INFO] [BACKEND] pils.json chargé.
2025-04-16 15:59:06 [DEBUG] [BACKEND] Nombre de jours à traiter : 14
2025-04-16 15:59:06 [DEBUG] [BACKEND] Date de début : 2025-04-16
2025-04-16 15:59:06 [DEBUG] [BACKEND] Date de fin : 2025-04-30
2025-04-16 15:59:06 [DEBUG] [BACKEND] Lundi de début : 2025-04-14
2025-04-16 15:59:06 [INFO] [FRONTEND] Médicaments mis à jour avec succès
2025-04-16 15:59:06 [INFO] [BACKEND] Calendrier généré avec succès.
2025-04-16 15:59:06 [INFO] [FRONTEND] Médicaments récupérés avec succès
2025-04-16 15:59:07 [INFO] [FRONTEND] Calendrier récupéré avec succès
2025-04-16 16:08:57 [ERROR] [FRONTEND] Erreur de récupération des médicaments : - Cannot read properties of null (reading 'getIdToken')
2025-04-16 16:08:57 [ERROR] [FRONTEND] Erreur de récupération des médicaments : - Cannot read properties of null (reading 'getIdToken')
2025-04-16 16:08:58 [ERROR] [FRONTEND] Erreur de récupération du calendrier :
2025-04-16 16:08:59 [ERROR] [FRONTEND] Erreur de récupération du calendrier :
2025-04-16 16:09:00 [ERROR] [FRONTEND] Erreur de récupération des médicaments : - Cannot read properties of null (reading 'getIdToken')
2025-04-16 16:09:00 [ERROR] [FRONTEND] Erreur de récupération des médicaments : - Cannot read properties of null (reading 'getIdToken')
2025-04-16 16:09:00 [ERROR] [FRONTEND] Erreur de récupération du calendrier :
2025-04-16 16:09:00 [ERROR] [FRONTEND] Erreur de récupération du calendrier :
2025-04-16 16:09:58 [INFO] [FRONTEND] Utilisateur déconnecté
2025-04-16 16:10:06 [INFO] [FRONTEND] Utilisateur connecté avec Google : "oR75yI71MoUmYzwgwJ4WX1Birtm1"
2025-04-16 16:10:07 [ERROR] [FRONTEND] Erreur de récupération du calendrier :
2025-04-16 16:10:07 [ERROR] [FRONTEND] Erreur de récupération du calendrier :
2025-04-16 16:19:50 [ERROR] [BACKEND] Erreur dans /calendar
Traceback (most recent call last):
  File "c:\Users\mtx_2\Documents\Code\Medic\Medic\backend\app.py", line 27, in get_calendar
    user = verify_firebase_token()
  File "c:\Users\mtx_2\Documents\Code\Medic\Medic\backend\auth.py", line 7, in verify_firebase_token
    abort(401, "Token manquant ou mal formaté")
    ~~~~~^^^^^^^^^^^^^^^^^^^^^^^^^^^^^^^^^^^^^^
  File "C:\Users\mtx_2\AppData\Local\Programs\Python\Python313\Lib\site-packages\flask\helpers.py", line 284, in abort
    current_app.aborter(code, *args, **kwargs)
    ~~~~~~~~~~~~~~~~~~~^^^^^^^^^^^^^^^^^^^^^^^
  File "C:\Users\mtx_2\AppData\Local\Programs\Python\Python313\Lib\site-packages\werkzeug\exceptions.py", line 876, in __call__
    raise self.mapping[code](*args, **kwargs)
werkzeug.exceptions.Unauthorized: 401 Unauthorized: Token manquant ou mal formaté
2025-04-16 16:19:51 [ERROR] [BACKEND] Erreur dans /calendar
Traceback (most recent call last):
  File "c:\Users\mtx_2\Documents\Code\Medic\Medic\backend\app.py", line 27, in get_calendar
    user = verify_firebase_token()
  File "c:\Users\mtx_2\Documents\Code\Medic\Medic\backend\auth.py", line 7, in verify_firebase_token
    abort(401, "Token manquant ou mal formaté")
    ~~~~~^^^^^^^^^^^^^^^^^^^^^^^^^^^^^^^^^^^^^^
  File "C:\Users\mtx_2\AppData\Local\Programs\Python\Python313\Lib\site-packages\flask\helpers.py", line 284, in abort
    current_app.aborter(code, *args, **kwargs)
    ~~~~~~~~~~~~~~~~~~~^^^^^^^^^^^^^^^^^^^^^^^
  File "C:\Users\mtx_2\AppData\Local\Programs\Python\Python313\Lib\site-packages\werkzeug\exceptions.py", line 876, in __call__
    raise self.mapping[code](*args, **kwargs)
werkzeug.exceptions.Unauthorized: 401 Unauthorized: Token manquant ou mal formaté
2025-04-16 16:19:51 [ERROR] [BACKEND] Erreur dans /calendar
Traceback (most recent call last):
  File "c:\Users\mtx_2\Documents\Code\Medic\Medic\backend\app.py", line 27, in get_calendar
    user = verify_firebase_token()
  File "c:\Users\mtx_2\Documents\Code\Medic\Medic\backend\auth.py", line 7, in verify_firebase_token
    abort(401, "Token manquant ou mal formaté")
    ~~~~~^^^^^^^^^^^^^^^^^^^^^^^^^^^^^^^^^^^^^^
  File "C:\Users\mtx_2\AppData\Local\Programs\Python\Python313\Lib\site-packages\flask\helpers.py", line 284, in abort
    current_app.aborter(code, *args, **kwargs)
    ~~~~~~~~~~~~~~~~~~~^^^^^^^^^^^^^^^^^^^^^^^
  File "C:\Users\mtx_2\AppData\Local\Programs\Python\Python313\Lib\site-packages\werkzeug\exceptions.py", line 876, in __call__
    raise self.mapping[code](*args, **kwargs)
werkzeug.exceptions.Unauthorized: 401 Unauthorized: Token manquant ou mal formaté
2025-04-16 16:19:51 [ERROR] [FRONTEND] Erreur de récupération du calendrier :
2025-04-16 16:19:51 [ERROR] [FRONTEND] Erreur de récupération du calendrier :
2025-04-16 16:19:51 [ERROR] [FRONTEND] Erreur de récupération du calendrier :
2025-04-16 16:19:51 [INFO] [BACKEND] Médicaments récupérés pour oR75yI71MoUmYzwgwJ4WX1Birtm1.
2025-04-16 16:19:51 [INFO] [FRONTEND] Médicaments récupérés avec succès
2025-04-16 16:19:55 [ERROR] [BACKEND] Erreur dans /calendar
Traceback (most recent call last):
  File "c:\Users\mtx_2\Documents\Code\Medic\Medic\backend\app.py", line 27, in get_calendar
    user = verify_firebase_token()
  File "c:\Users\mtx_2\Documents\Code\Medic\Medic\backend\auth.py", line 7, in verify_firebase_token
    abort(401, "Token manquant ou mal formaté")
    ~~~~~^^^^^^^^^^^^^^^^^^^^^^^^^^^^^^^^^^^^^^
  File "C:\Users\mtx_2\AppData\Local\Programs\Python\Python313\Lib\site-packages\flask\helpers.py", line 284, in abort
    current_app.aborter(code, *args, **kwargs)
    ~~~~~~~~~~~~~~~~~~~^^^^^^^^^^^^^^^^^^^^^^^
  File "C:\Users\mtx_2\AppData\Local\Programs\Python\Python313\Lib\site-packages\werkzeug\exceptions.py", line 876, in __call__
    raise self.mapping[code](*args, **kwargs)
werkzeug.exceptions.Unauthorized: 401 Unauthorized: Token manquant ou mal formaté
2025-04-16 16:19:55 [ERROR] [BACKEND] Erreur dans /calendar
Traceback (most recent call last):
  File "c:\Users\mtx_2\Documents\Code\Medic\Medic\backend\app.py", line 27, in get_calendar
    user = verify_firebase_token()
  File "c:\Users\mtx_2\Documents\Code\Medic\Medic\backend\auth.py", line 7, in verify_firebase_token
    abort(401, "Token manquant ou mal formaté")
    ~~~~~^^^^^^^^^^^^^^^^^^^^^^^^^^^^^^^^^^^^^^
  File "C:\Users\mtx_2\AppData\Local\Programs\Python\Python313\Lib\site-packages\flask\helpers.py", line 284, in abort
    current_app.aborter(code, *args, **kwargs)
    ~~~~~~~~~~~~~~~~~~~^^^^^^^^^^^^^^^^^^^^^^^
  File "C:\Users\mtx_2\AppData\Local\Programs\Python\Python313\Lib\site-packages\werkzeug\exceptions.py", line 876, in __call__
    raise self.mapping[code](*args, **kwargs)
werkzeug.exceptions.Unauthorized: 401 Unauthorized: Token manquant ou mal formaté
2025-04-16 16:19:55 [INFO] [BACKEND] Médicaments récupérés pour oR75yI71MoUmYzwgwJ4WX1Birtm1.
2025-04-16 16:19:55 [ERROR] [FRONTEND] Erreur de récupération du calendrier :
2025-04-16 16:19:55 [ERROR] [BACKEND] Erreur dans /calendar
Traceback (most recent call last):
  File "c:\Users\mtx_2\Documents\Code\Medic\Medic\backend\app.py", line 27, in get_calendar
    user = verify_firebase_token()
  File "c:\Users\mtx_2\Documents\Code\Medic\Medic\backend\auth.py", line 7, in verify_firebase_token
    abort(401, "Token manquant ou mal formaté")
    ~~~~~^^^^^^^^^^^^^^^^^^^^^^^^^^^^^^^^^^^^^^
  File "C:\Users\mtx_2\AppData\Local\Programs\Python\Python313\Lib\site-packages\flask\helpers.py", line 284, in abort
    current_app.aborter(code, *args, **kwargs)
    ~~~~~~~~~~~~~~~~~~~^^^^^^^^^^^^^^^^^^^^^^^
  File "C:\Users\mtx_2\AppData\Local\Programs\Python\Python313\Lib\site-packages\werkzeug\exceptions.py", line 876, in __call__
    raise self.mapping[code](*args, **kwargs)
werkzeug.exceptions.Unauthorized: 401 Unauthorized: Token manquant ou mal formaté
2025-04-16 16:19:55 [ERROR] [FRONTEND] Erreur de récupération du calendrier :
2025-04-16 16:19:55 [INFO] [FRONTEND] Médicaments récupérés avec succès
2025-04-16 16:19:55 [ERROR] [FRONTEND] Erreur de récupération du calendrier :
2025-04-16 16:20:16 [ERROR] [BACKEND] Erreur dans /calendar
Traceback (most recent call last):
  File "c:\Users\mtx_2\Documents\Code\Medic\Medic\backend\app.py", line 27, in get_calendar
    user = verify_firebase_token()
  File "c:\Users\mtx_2\Documents\Code\Medic\Medic\backend\auth.py", line 7, in verify_firebase_token
    abort(401, "Token manquant ou mal formaté")
    ~~~~~^^^^^^^^^^^^^^^^^^^^^^^^^^^^^^^^^^^^^^
  File "C:\Users\mtx_2\AppData\Local\Programs\Python\Python313\Lib\site-packages\flask\helpers.py", line 284, in abort
    current_app.aborter(code, *args, **kwargs)
    ~~~~~~~~~~~~~~~~~~~^^^^^^^^^^^^^^^^^^^^^^^
  File "C:\Users\mtx_2\AppData\Local\Programs\Python\Python313\Lib\site-packages\werkzeug\exceptions.py", line 876, in __call__
    raise self.mapping[code](*args, **kwargs)
werkzeug.exceptions.Unauthorized: 401 Unauthorized: Token manquant ou mal formaté
2025-04-16 16:20:16 [ERROR] [BACKEND] Erreur dans /calendar
Traceback (most recent call last):
  File "c:\Users\mtx_2\Documents\Code\Medic\Medic\backend\app.py", line 27, in get_calendar
    user = verify_firebase_token()
  File "c:\Users\mtx_2\Documents\Code\Medic\Medic\backend\auth.py", line 7, in verify_firebase_token
    abort(401, "Token manquant ou mal formaté")
    ~~~~~^^^^^^^^^^^^^^^^^^^^^^^^^^^^^^^^^^^^^^
  File "C:\Users\mtx_2\AppData\Local\Programs\Python\Python313\Lib\site-packages\flask\helpers.py", line 284, in abort
    current_app.aborter(code, *args, **kwargs)
    ~~~~~~~~~~~~~~~~~~~^^^^^^^^^^^^^^^^^^^^^^^
  File "C:\Users\mtx_2\AppData\Local\Programs\Python\Python313\Lib\site-packages\werkzeug\exceptions.py", line 876, in __call__
    raise self.mapping[code](*args, **kwargs)
werkzeug.exceptions.Unauthorized: 401 Unauthorized: Token manquant ou mal formaté
2025-04-16 16:20:16 [ERROR] [BACKEND] Erreur dans /calendar
Traceback (most recent call last):
  File "c:\Users\mtx_2\Documents\Code\Medic\Medic\backend\app.py", line 27, in get_calendar
    user = verify_firebase_token()
  File "c:\Users\mtx_2\Documents\Code\Medic\Medic\backend\auth.py", line 7, in verify_firebase_token
    abort(401, "Token manquant ou mal formaté")
    ~~~~~^^^^^^^^^^^^^^^^^^^^^^^^^^^^^^^^^^^^^^
  File "C:\Users\mtx_2\AppData\Local\Programs\Python\Python313\Lib\site-packages\flask\helpers.py", line 284, in abort
    current_app.aborter(code, *args, **kwargs)
    ~~~~~~~~~~~~~~~~~~~^^^^^^^^^^^^^^^^^^^^^^^
  File "C:\Users\mtx_2\AppData\Local\Programs\Python\Python313\Lib\site-packages\werkzeug\exceptions.py", line 876, in __call__
    raise self.mapping[code](*args, **kwargs)
werkzeug.exceptions.Unauthorized: 401 Unauthorized: Token manquant ou mal formaté
2025-04-16 16:20:16 [ERROR] [FRONTEND] Erreur de récupération du calendrier :
2025-04-16 16:20:16 [INFO] [BACKEND] Médicaments récupérés pour oR75yI71MoUmYzwgwJ4WX1Birtm1.
2025-04-16 16:20:17 [ERROR] [FRONTEND] Erreur de récupération du calendrier :
2025-04-16 16:20:17 [ERROR] [FRONTEND] Erreur de récupération du calendrier :
2025-04-16 16:20:17 [INFO] [FRONTEND] Médicaments récupérés avec succès
2025-04-16 16:21:45 [WARNING] [FRONTEND] Utilisateur non connecté, calendrier non chargé.
2025-04-16 16:21:46 [WARNING] [FRONTEND] Utilisateur non connecté, calendrier non chargé.
2025-04-16 16:21:46 [INFO] [BACKEND] Médicaments récupérés pour oR75yI71MoUmYzwgwJ4WX1Birtm1.
2025-04-16 16:21:46 [INFO] [FRONTEND] Médicaments récupérés avec succès
2025-04-16 16:21:46 [INFO] [BACKEND] Médicaments récupérés pour oR75yI71MoUmYzwgwJ4WX1Birtm1.
2025-04-16 16:21:46 [DEBUG] [BACKEND] Nombre de jours à traiter : 14
2025-04-16 16:21:46 [DEBUG] [BACKEND] Date de début : 2025-04-16
2025-04-16 16:21:46 [DEBUG] [BACKEND] Date de fin : 2025-04-30
2025-04-16 16:21:46 [DEBUG] [BACKEND] Lundi de début : 2025-04-14
2025-04-16 16:21:46 [INFO] [BACKEND] Calendrier généré avec succès.
2025-04-16 16:21:46 [INFO] [FRONTEND] Calendrier récupéré avec succès
2025-04-16 16:22:04 [INFO] [BACKEND] Médicaments mis à jour pour oR75yI71MoUmYzwgwJ4WX1Birtm1.
2025-04-16 16:22:04 [INFO] [BACKEND] Médicaments récupérés pour oR75yI71MoUmYzwgwJ4WX1Birtm1.
2025-04-16 16:22:04 [INFO] [FRONTEND] Médicaments mis à jour avec succès
2025-04-16 16:22:04 [INFO] [FRONTEND] Médicaments récupérés avec succès
2025-04-16 16:22:04 [INFO] [BACKEND] Médicaments récupérés pour oR75yI71MoUmYzwgwJ4WX1Birtm1.
2025-04-16 16:22:04 [DEBUG] [BACKEND] Nombre de jours à traiter : 14
2025-04-16 16:22:04 [DEBUG] [BACKEND] Date de début : 2025-04-16
2025-04-16 16:22:04 [DEBUG] [BACKEND] Date de fin : 2025-04-30
2025-04-16 16:22:04 [DEBUG] [BACKEND] Lundi de début : 2025-04-14
2025-04-16 16:22:04 [INFO] [BACKEND] Calendrier généré avec succès.
2025-04-16 16:22:05 [INFO] [FRONTEND] Calendrier récupéré avec succès
2025-04-16 16:22:06 [INFO] [BACKEND] Médicaments récupérés pour oR75yI71MoUmYzwgwJ4WX1Birtm1.
2025-04-16 16:22:07 [INFO] [BACKEND] Médicaments récupérés pour oR75yI71MoUmYzwgwJ4WX1Birtm1.
2025-04-16 16:22:07 [DEBUG] [BACKEND] Nombre de jours à traiter : 14
2025-04-16 16:22:07 [DEBUG] [BACKEND] Date de début : 2025-04-16
2025-04-16 16:22:07 [DEBUG] [BACKEND] Date de fin : 2025-04-30
2025-04-16 16:22:07 [DEBUG] [BACKEND] Lundi de début : 2025-04-14
2025-04-16 16:22:07 [INFO] [BACKEND] Calendrier généré avec succès.
2025-04-16 16:22:07 [INFO] [FRONTEND] Médicaments récupérés avec succès
2025-04-16 16:22:07 [INFO] [FRONTEND] Calendrier récupéré avec succès
2025-04-16 16:22:08 [INFO] [BACKEND] Médicaments récupérés pour oR75yI71MoUmYzwgwJ4WX1Birtm1.
2025-04-16 16:22:08 [DEBUG] [BACKEND] Nombre de jours à traiter : 14
2025-04-16 16:22:08 [DEBUG] [BACKEND] Date de début : 2025-04-16
2025-04-16 16:22:08 [DEBUG] [BACKEND] Date de fin : 2025-04-30
2025-04-16 16:22:08 [DEBUG] [BACKEND] Lundi de début : 2025-04-14
2025-04-16 16:22:08 [INFO] [BACKEND] Calendrier généré avec succès.
2025-04-16 16:22:08 [INFO] [FRONTEND] Calendrier récupéré avec succès
2025-04-16 16:22:08 [INFO] [BACKEND] Médicaments récupérés pour oR75yI71MoUmYzwgwJ4WX1Birtm1.
2025-04-16 16:22:08 [DEBUG] [BACKEND] Nombre de jours à traiter : 14
2025-04-16 16:22:08 [DEBUG] [BACKEND] Date de début : 2025-04-16
2025-04-16 16:22:08 [DEBUG] [BACKEND] Date de fin : 2025-04-30
2025-04-16 16:22:08 [DEBUG] [BACKEND] Lundi de début : 2025-04-14
2025-04-16 16:22:08 [INFO] [BACKEND] Calendrier généré avec succès.
2025-04-16 16:22:09 [INFO] [FRONTEND] Calendrier récupéré avec succès
2025-04-16 16:22:13 [INFO] [BACKEND] Médicaments mis à jour pour oR75yI71MoUmYzwgwJ4WX1Birtm1.
2025-04-16 16:22:13 [INFO] [BACKEND] Médicaments récupérés pour oR75yI71MoUmYzwgwJ4WX1Birtm1.
2025-04-16 16:22:14 [INFO] [FRONTEND] Médicaments mis à jour avec succès
2025-04-16 16:22:14 [INFO] [FRONTEND] Médicaments récupérés avec succès
2025-04-16 16:22:14 [INFO] [BACKEND] Médicaments récupérés pour oR75yI71MoUmYzwgwJ4WX1Birtm1.
2025-04-16 16:22:14 [DEBUG] [BACKEND] Nombre de jours à traiter : 14
2025-04-16 16:22:14 [DEBUG] [BACKEND] Date de début : 2025-04-16
2025-04-16 16:22:14 [DEBUG] [BACKEND] Date de fin : 2025-04-30
2025-04-16 16:22:14 [DEBUG] [BACKEND] Lundi de début : 2025-04-14
2025-04-16 16:22:14 [INFO] [BACKEND] Calendrier généré avec succès.
2025-04-16 16:22:14 [INFO] [FRONTEND] Calendrier récupéré avec succès
2025-04-16 16:22:27 [INFO] [FRONTEND] Utilisateur déconnecté
2025-04-16 16:22:28 [WARNING] [FRONTEND] Utilisateur non connecté, calendrier non chargé.
2025-04-16 16:22:28 [WARNING] [FRONTEND] Utilisateur non connecté, calendrier non chargé.
2025-04-16 16:22:30 [WARNING] [FRONTEND] Utilisateur non connecté, calendrier non chargé.
2025-04-16 16:22:30 [WARNING] [FRONTEND] Utilisateur non connecté, calendrier non chargé.
2025-04-16 16:22:33 [WARNING] [FRONTEND] Utilisateur non connecté, calendrier non chargé.
2025-04-16 16:22:33 [WARNING] [FRONTEND] Utilisateur non connecté, calendrier non chargé.
2025-04-16 16:25:31 [WARNING] [FRONTEND] Utilisateur non connecté, calendrier non chargé.
2025-04-16 16:25:31 [WARNING] [FRONTEND] Utilisateur non connecté, calendrier non chargé.
2025-04-16 16:25:40 [ERROR] [BACKEND] Erreur dans /api/medicines
Traceback (most recent call last):
  File "C:\Users\mtx_2\AppData\Local\Programs\Python\Python313\Lib\site-packages\firebase_admin\_token_gen.py", line 397, in verify
    verified_claims = google.oauth2.id_token.verify_token(
        token,
    ...<2 lines>...
        certs_url=self.cert_url,
        clock_skew_in_seconds=clock_skew_seconds)
  File "C:\Users\mtx_2\AppData\Local\Programs\Python\Python313\Lib\site-packages\google\oauth2\id_token.py", line 150, in verify_token
    return jwt.decode(
           ~~~~~~~~~~^
        id_token,
        ^^^^^^^^^
    ...<2 lines>...
        clock_skew_in_seconds=clock_skew_in_seconds,
        ^^^^^^^^^^^^^^^^^^^^^^^^^^^^^^^^^^^^^^^^^^^^
    )
    ^
  File "C:\Users\mtx_2\AppData\Local\Programs\Python\Python313\Lib\site-packages\google\auth\jwt.py", line 302, in decode
    _verify_iat_and_exp(payload, clock_skew_in_seconds)
    ~~~~~~~~~~~~~~~~~~~^^^^^^^^^^^^^^^^^^^^^^^^^^^^^^^^
  File "C:\Users\mtx_2\AppData\Local\Programs\Python\Python313\Lib\site-packages\google\auth\jwt.py", line 216, in _verify_iat_and_exp
    raise exceptions.InvalidValue(
    ...<3 lines>...
    )
google.auth.exceptions.InvalidValue: Token used too early, 1744813540 < 1744813541. Check that your computer's clock is set correctly.

During handling of the above exception, another exception occurred:

Traceback (most recent call last):
  File "c:\Users\mtx_2\Documents\Code\Medic\Medic\backend\auth.py", line 11, in verify_firebase_token
    decoded_token = auth.verify_id_token(id_token)
  File "C:\Users\mtx_2\AppData\Local\Programs\Python\Python313\Lib\site-packages\firebase_admin\auth.py", line 225, in verify_id_token
    return client.verify_id_token(
           ~~~~~~~~~~~~~~~~~~~~~~^
        id_token, check_revoked=check_revoked, clock_skew_seconds=clock_skew_seconds)
        ^^^^^^^^^^^^^^^^^^^^^^^^^^^^^^^^^^^^^^^^^^^^^^^^^^^^^^^^^^^^^^^^^^^^^^^^^^^^^
  File "C:\Users\mtx_2\AppData\Local\Programs\Python\Python313\Lib\site-packages\firebase_admin\_auth_client.py", line 129, in verify_id_token
    verified_claims = self._token_verifier.verify_id_token(id_token, clock_skew_seconds)
  File "C:\Users\mtx_2\AppData\Local\Programs\Python\Python313\Lib\site-packages\firebase_admin\_token_gen.py", line 293, in verify_id_token
    return self.id_token_verifier.verify(id_token, self.request, clock_skew_seconds)
           ~~~~~~~~~~~~~~~~~~~~~~~~~~~~~^^^^^^^^^^^^^^^^^^^^^^^^^^^^^^^^^^^^^^^^^^^^
  File "C:\Users\mtx_2\AppData\Local\Programs\Python\Python313\Lib\site-packages\firebase_admin\_token_gen.py", line 410, in verify
    raise self._invalid_token_error(str(error), cause=error)
firebase_admin._auth_utils.InvalidIdTokenError: Token used too early, 1744813540 < 1744813541. Check that your computer's clock is set correctly.

During handling of the above exception, another exception occurred:

Traceback (most recent call last):
  File "c:\Users\mtx_2\Documents\Code\Medic\Medic\backend\routes.py", line 85, in handle_medicines
    user = verify_firebase_token()
  File "c:\Users\mtx_2\Documents\Code\Medic\Medic\backend\auth.py", line 14, in verify_firebase_token
    abort(401, "Token invalide ou expiré")
    ~~~~~^^^^^^^^^^^^^^^^^^^^^^^^^^^^^^^^^
  File "C:\Users\mtx_2\AppData\Local\Programs\Python\Python313\Lib\site-packages\flask\helpers.py", line 284, in abort
    current_app.aborter(code, *args, **kwargs)
    ~~~~~~~~~~~~~~~~~~~^^^^^^^^^^^^^^^^^^^^^^^
  File "C:\Users\mtx_2\AppData\Local\Programs\Python\Python313\Lib\site-packages\werkzeug\exceptions.py", line 876, in __call__
    raise self.mapping[code](*args, **kwargs)
werkzeug.exceptions.Unauthorized: 401 Unauthorized: Token invalide ou expiré
2025-04-16 16:25:41 [INFO] [FRONTEND] Utilisateur connecté avec Google : "oR75yI71MoUmYzwgwJ4WX1Birtm1"
2025-04-16 16:25:41 [INFO] [BACKEND] Médicaments récupérés pour oR75yI71MoUmYzwgwJ4WX1Birtm1.
2025-04-16 16:25:41 [DEBUG] [BACKEND] Nombre de jours à traiter : 14
2025-04-16 16:25:41 [DEBUG] [BACKEND] Date de début : 2025-04-16
2025-04-16 16:25:41 [DEBUG] [BACKEND] Date de fin : 2025-04-30
2025-04-16 16:25:41 [DEBUG] [BACKEND] Lundi de début : 2025-04-14
2025-04-16 16:25:41 [INFO] [BACKEND] Calendrier généré avec succès.
2025-04-16 16:25:41 [ERROR] [FRONTEND] Erreur de récupération des médicaments : - Erreur HTTP lors de la récupération des médicaments
2025-04-16 16:25:41 [INFO] [FRONTEND] Calendrier récupéré avec succès
2025-04-16 16:25:41 [INFO] [BACKEND] Médicaments récupérés pour oR75yI71MoUmYzwgwJ4WX1Birtm1.
2025-04-16 16:25:41 [DEBUG] [BACKEND] Nombre de jours à traiter : 14
2025-04-16 16:25:41 [DEBUG] [BACKEND] Date de début : 2025-04-16
2025-04-16 16:25:41 [DEBUG] [BACKEND] Date de fin : 2025-04-30
2025-04-16 16:25:41 [DEBUG] [BACKEND] Lundi de début : 2025-04-14
2025-04-16 16:25:41 [INFO] [BACKEND] Calendrier généré avec succès.
2025-04-16 16:25:42 [INFO] [FRONTEND] Calendrier récupéré avec succès
2025-04-16 16:25:42 [INFO] [BACKEND] Médicaments récupérés pour oR75yI71MoUmYzwgwJ4WX1Birtm1.
2025-04-16 16:25:42 [DEBUG] [BACKEND] Nombre de jours à traiter : 14
2025-04-16 16:25:42 [DEBUG] [BACKEND] Date de début : 2025-04-16
2025-04-16 16:25:42 [DEBUG] [BACKEND] Date de fin : 2025-04-30
2025-04-16 16:25:42 [DEBUG] [BACKEND] Lundi de début : 2025-04-14
2025-04-16 16:25:42 [INFO] [BACKEND] Calendrier généré avec succès.
2025-04-16 16:25:42 [INFO] [FRONTEND] Calendrier récupéré avec succès
2025-04-16 16:31:23 [INFO] [BACKEND] Application démarrée sur le port 5000.
2025-04-16 16:31:25 [INFO] [BACKEND] Application démarrée sur le port 5000.
